This file contains any messages produced by compilers while
running configure, to aid debugging if configure makes a mistake.

It was created by masstree-beta configure 0.1, which was
generated by GNU Autoconf 2.69.  Invocation command line was

  $ ./configure CC=cc CXX=g++ --enable-max-key-len=1024 --disable-assertions --disable-invariants --disable-preconditions --with-malloc=jemalloc

## --------- ##
## Platform. ##
## --------- ##

hostname = zoo-002
uname -m = x86_64
uname -r = 5.15.0-140-generic
uname -s = Linux
uname -v = #150-Ubuntu SMP Sat Apr 12 06:00:09 UTC 2025

/usr/bin/uname -p = x86_64
/bin/uname -X     = unknown

/bin/arch              = unknown
/usr/bin/arch -k       = unknown
/usr/convex/getsysinfo = unknown
/usr/bin/hostinfo      = unknown
/bin/machine           = unknown
/usr/bin/oslevel       = unknown
/bin/universe          = unknown

PATH: /home/linuxbrew/.linuxbrew/bin
PATH: /home/linuxbrew/.linuxbrew/sbin
PATH: /home/weihai/.vscode-server/cli/servers/Stable-e54c774e0add60467559eb0d1e229c6452cf8447/server/bin/remote-cli
PATH: /home/weihai/.nvm/versions/node/v18.20.8/bin
PATH: /home/linuxbrew/.linuxbrew/bin
PATH: /home/linuxbrew/.linuxbrew/sbin
PATH: /usr/local/sbin
PATH: /usr/local/bin
PATH: /usr/sbin
PATH: /usr/bin
PATH: /sbin
PATH: /bin
PATH: /usr/games
PATH: /usr/local/games
PATH: /snap/bin
PATH: /home/weihai/ds-labs-ta
PATH: /home/weihai/janus/src/rrr/pylib/
PATH: /home/weihai/janus/src
PATH: /home/weihai/.dotnet
PATH: /home/weihai/ds-labs-ta
PATH: /home/weihai/janus/src/rrr/pylib/
PATH: /home/weihai/janus/src
PATH: /home/weihai/.dotnet


## ----------- ##
## Core tests. ##
## ----------- ##

configure:2508: checking for gcc
configure:2535: result: cc
configure:2764: checking for C compiler version
configure:2773: cc --version >&5
cc (Ubuntu 11.4.0-1ubuntu1~22.04) 11.4.0
Copyright (C) 2021 Free Software Foundation, Inc.
This is free software; see the source for copying conditions.  There is NO
warranty; not even for MERCHANTABILITY or FITNESS FOR A PARTICULAR PURPOSE.

configure:2784: $? = 0
configure:2773: cc -v >&5
Using built-in specs.
COLLECT_GCC=cc
COLLECT_LTO_WRAPPER=/usr/lib/gcc/x86_64-linux-gnu/11/lto-wrapper
OFFLOAD_TARGET_NAMES=nvptx-none:amdgcn-amdhsa
OFFLOAD_TARGET_DEFAULT=1
Target: x86_64-linux-gnu
Configured with: ../src/configure -v --with-pkgversion='Ubuntu 11.4.0-1ubuntu1~22.04' --with-bugurl=file:///usr/share/doc/gcc-11/README.Bugs --enable-languages=c,ada,c++,go,brig,d,fortran,objc,obj-c++,m2 --prefix=/usr --with-gcc-major-version-only --program-suffix=-11 --program-prefix=x86_64-linux-gnu- --enable-shared --enable-linker-build-id --libexecdir=/usr/lib --without-included-gettext --enable-threads=posix --libdir=/usr/lib --enable-nls --enable-bootstrap --enable-clocale=gnu --enable-libstdcxx-debug --enable-libstdcxx-time=yes --with-default-libstdcxx-abi=new --enable-gnu-unique-object --disable-vtable-verify --enable-plugin --enable-default-pie --with-system-zlib --enable-libphobos-checking=release --with-target-system-zlib=auto --enable-objc-gc=auto --enable-multiarch --disable-werror --enable-cet --with-arch-32=i686 --with-abi=m64 --with-multilib-list=m32,m64,mx32 --enable-multilib --with-tune=generic --enable-offload-targets=nvptx-none=/build/gcc-11-XeT9lY/gcc-11-11.4.0/debian/tmp-nvptx/usr,amdgcn-amdhsa=/build/gcc-11-XeT9lY/gcc-11-11.4.0/debian/tmp-gcn/usr --without-cuda-driver --enable-checking=release --build=x86_64-linux-gnu --host=x86_64-linux-gnu --target=x86_64-linux-gnu --with-build-config=bootstrap-lto-lean --enable-link-serialization=2
Thread model: posix
Supported LTO compression algorithms: zlib zstd
gcc version 11.4.0 (Ubuntu 11.4.0-1ubuntu1~22.04) 
... rest of stderr output deleted ...
configure:2784: $? = 0
configure:2773: cc -V >&5
cc: error: unrecognized command-line option '-V'
cc: fatal error: no input files
compilation terminated.
configure:2784: $? = 1
configure:2773: cc -qversion >&5
cc: error: unrecognized command-line option '-qversion'; did you mean '--version'?
cc: fatal error: no input files
compilation terminated.
configure:2784: $? = 1
configure:2804: checking whether the C compiler works
configure:2826: cc    conftest.c  >&5
configure:2830: $? = 0
configure:2878: result: yes
configure:2881: checking for C compiler default output file name
configure:2883: result: a.out
configure:2889: checking for suffix of executables
configure:2896: cc -o conftest    conftest.c  >&5
configure:2900: $? = 0
configure:2922: result: 
configure:2944: checking whether we are cross compiling
configure:2952: cc -o conftest    conftest.c  >&5
configure:2956: $? = 0
configure:2963: ./conftest
configure:2967: $? = 0
configure:2982: result: no
configure:2987: checking for suffix of object files
configure:3009: cc -c   conftest.c >&5
configure:3013: $? = 0
configure:3034: result: o
configure:3038: checking whether we are using the GNU C compiler
configure:3057: cc -c   conftest.c >&5
configure:3057: $? = 0
configure:3066: result: yes
configure:3075: checking whether cc accepts -g
configure:3095: cc -c -g  conftest.c >&5
configure:3095: $? = 0
configure:3136: result: yes
configure:3153: checking for cc option to accept ISO C89
configure:3216: cc  -c -g -O2  conftest.c >&5
configure:3216: $? = 0
configure:3229: result: none needed
configure:3361: checking for C++ compiler version
configure:3370: g++ --version >&5
g++ (Ubuntu 11.4.0-1ubuntu1~22.04) 11.4.0
Copyright (C) 2021 Free Software Foundation, Inc.
This is free software; see the source for copying conditions.  There is NO
warranty; not even for MERCHANTABILITY or FITNESS FOR A PARTICULAR PURPOSE.

configure:3381: $? = 0
configure:3370: g++ -v >&5
Using built-in specs.
COLLECT_GCC=g++
COLLECT_LTO_WRAPPER=/usr/lib/gcc/x86_64-linux-gnu/11/lto-wrapper
OFFLOAD_TARGET_NAMES=nvptx-none:amdgcn-amdhsa
OFFLOAD_TARGET_DEFAULT=1
Target: x86_64-linux-gnu
Configured with: ../src/configure -v --with-pkgversion='Ubuntu 11.4.0-1ubuntu1~22.04' --with-bugurl=file:///usr/share/doc/gcc-11/README.Bugs --enable-languages=c,ada,c++,go,brig,d,fortran,objc,obj-c++,m2 --prefix=/usr --with-gcc-major-version-only --program-suffix=-11 --program-prefix=x86_64-linux-gnu- --enable-shared --enable-linker-build-id --libexecdir=/usr/lib --without-included-gettext --enable-threads=posix --libdir=/usr/lib --enable-nls --enable-bootstrap --enable-clocale=gnu --enable-libstdcxx-debug --enable-libstdcxx-time=yes --with-default-libstdcxx-abi=new --enable-gnu-unique-object --disable-vtable-verify --enable-plugin --enable-default-pie --with-system-zlib --enable-libphobos-checking=release --with-target-system-zlib=auto --enable-objc-gc=auto --enable-multiarch --disable-werror --enable-cet --with-arch-32=i686 --with-abi=m64 --with-multilib-list=m32,m64,mx32 --enable-multilib --with-tune=generic --enable-offload-targets=nvptx-none=/build/gcc-11-XeT9lY/gcc-11-11.4.0/debian/tmp-nvptx/usr,amdgcn-amdhsa=/build/gcc-11-XeT9lY/gcc-11-11.4.0/debian/tmp-gcn/usr --without-cuda-driver --enable-checking=release --build=x86_64-linux-gnu --host=x86_64-linux-gnu --target=x86_64-linux-gnu --with-build-config=bootstrap-lto-lean --enable-link-serialization=2
Thread model: posix
Supported LTO compression algorithms: zlib zstd
gcc version 11.4.0 (Ubuntu 11.4.0-1ubuntu1~22.04) 
... rest of stderr output deleted ...
configure:3381: $? = 0
configure:3370: g++ -V >&5
g++: error: unrecognized command-line option '-V'
g++: fatal error: no input files
compilation terminated.
configure:3381: $? = 1
configure:3370: g++ -qversion >&5
g++: error: unrecognized command-line option '-qversion'; did you mean '--version'?
g++: fatal error: no input files
compilation terminated.
configure:3381: $? = 1
configure:3385: checking whether we are using the GNU C++ compiler
configure:3404: g++ -c -g -W -Wall -O3  conftest.cpp >&5
configure:3404: $? = 0
configure:3413: result: yes
configure:3422: checking whether g++ accepts -g
configure:3442: g++ -c -g  conftest.cpp >&5
configure:3442: $? = 0
configure:3483: result: yes
configure:3522: checking how to run the C++ preprocessor
configure:3549: g++ -E  conftest.cpp
configure:3549: $? = 0
configure:3563: g++ -E  conftest.cpp
conftest.cpp:10:10: fatal error: ac_nonexistent.h: No such file or directory
   10 | #include <ac_nonexistent.h>
      |          ^~~~~~~~~~~~~~~~~~
compilation terminated.
configure:3563: $? = 1
configure: failed program was:
| /* confdefs.h */
| #define PACKAGE_NAME "masstree-beta"
| #define PACKAGE_TARNAME "masstree-beta"
| #define PACKAGE_VERSION "0.1"
| #define PACKAGE_STRING "masstree-beta 0.1"
| #define PACKAGE_BUGREPORT ""
| #define PACKAGE_URL ""
| #define WORDS_BIGENDIAN_SET 1
| /* end confdefs.h.  */
| #include <ac_nonexistent.h>
configure:3588: result: g++ -E
configure:3608: g++ -E  conftest.cpp
configure:3608: $? = 0
configure:3622: g++ -E  conftest.cpp
conftest.cpp:10:10: fatal error: ac_nonexistent.h: No such file or directory
   10 | #include <ac_nonexistent.h>
      |          ^~~~~~~~~~~~~~~~~~
compilation terminated.
configure:3622: $? = 1
configure: failed program was:
| /* confdefs.h */
| #define PACKAGE_NAME "masstree-beta"
| #define PACKAGE_TARNAME "masstree-beta"
| #define PACKAGE_VERSION "0.1"
| #define PACKAGE_STRING "masstree-beta 0.1"
| #define PACKAGE_BUGREPORT ""
| #define PACKAGE_URL ""
| #define WORDS_BIGENDIAN_SET 1
| /* end confdefs.h.  */
| #include <ac_nonexistent.h>
configure:3651: checking for grep that handles long lines and -e
configure:3709: result: /usr/bin/grep
configure:3714: checking for egrep
configure:3776: result: /usr/bin/grep -E
configure:3781: checking for ANSI C header files
configure:3801: g++ -c -g -W -Wall -O3  conftest.cpp >&5
configure:3801: $? = 0
configure:3874: g++ -o conftest -g -W -Wall -O3   conftest.cpp  >&5
configure:3874: $? = 0
configure:3874: ./conftest
configure:3874: $? = 0
configure:3885: result: yes
configure:3898: checking for sys/types.h
configure:3898: g++ -c -g -W -Wall -O3  conftest.cpp >&5
configure:3898: $? = 0
configure:3898: result: yes
configure:3898: checking for sys/stat.h
configure:3898: g++ -c -g -W -Wall -O3  conftest.cpp >&5
configure:3898: $? = 0
configure:3898: result: yes
configure:3898: checking for stdlib.h
configure:3898: g++ -c -g -W -Wall -O3  conftest.cpp >&5
configure:3898: $? = 0
configure:3898: result: yes
configure:3898: checking for string.h
configure:3898: g++ -c -g -W -Wall -O3  conftest.cpp >&5
configure:3898: $? = 0
configure:3898: result: yes
configure:3898: checking for memory.h
configure:3898: g++ -c -g -W -Wall -O3  conftest.cpp >&5
configure:3898: $? = 0
configure:3898: result: yes
configure:3898: checking for strings.h
configure:3898: g++ -c -g -W -Wall -O3  conftest.cpp >&5
configure:3898: $? = 0
configure:3898: result: yes
configure:3898: checking for inttypes.h
configure:3898: g++ -c -g -W -Wall -O3  conftest.cpp >&5
configure:3898: $? = 0
configure:3898: result: yes
configure:3898: checking for stdint.h
configure:3898: g++ -c -g -W -Wall -O3  conftest.cpp >&5
configure:3898: $? = 0
configure:3898: result: yes
configure:3898: checking for unistd.h
configure:3898: g++ -c -g -W -Wall -O3  conftest.cpp >&5
configure:3898: $? = 0
configure:3898: result: yes
configure:3910: checking whether byte ordering is bigendian
configure:3925: g++ -c -g -W -Wall -O3  conftest.cpp >&5
conftest.cpp:21:16: error: expected unqualified-id before 'not' token
   21 |                not a universal capable compiler
      |                ^~~
configure:3925: $? = 1
configure: failed program was:
| /* confdefs.h */
| #define PACKAGE_NAME "masstree-beta"
| #define PACKAGE_TARNAME "masstree-beta"
| #define PACKAGE_VERSION "0.1"
| #define PACKAGE_STRING "masstree-beta 0.1"
| #define PACKAGE_BUGREPORT ""
| #define PACKAGE_URL ""
| #define WORDS_BIGENDIAN_SET 1
| #define STDC_HEADERS 1
| #define HAVE_SYS_TYPES_H 1
| #define HAVE_SYS_STAT_H 1
| #define HAVE_STDLIB_H 1
| #define HAVE_STRING_H 1
| #define HAVE_MEMORY_H 1
| #define HAVE_STRINGS_H 1
| #define HAVE_INTTYPES_H 1
| #define HAVE_STDINT_H 1
| #define HAVE_UNISTD_H 1
| /* end confdefs.h.  */
| #ifndef __APPLE_CC__
| 	       not a universal capable compiler
| 	     #endif
| 	     typedef int dummy;
| 
configure:3970: g++ -c -g -W -Wall -O3  conftest.cpp >&5
configure:3970: $? = 0
configure:3988: g++ -c -g -W -Wall -O3  conftest.cpp >&5
conftest.cpp: In function 'int main()':
conftest.cpp:27:22: error: 'big' was not declared in this scope
   27 |                  not big endian
      |                      ^~~
configure:3988: $? = 1
configure: failed program was:
| /* confdefs.h */
| #define PACKAGE_NAME "masstree-beta"
| #define PACKAGE_TARNAME "masstree-beta"
| #define PACKAGE_VERSION "0.1"
| #define PACKAGE_STRING "masstree-beta 0.1"
| #define PACKAGE_BUGREPORT ""
| #define PACKAGE_URL ""
| #define WORDS_BIGENDIAN_SET 1
| #define STDC_HEADERS 1
| #define HAVE_SYS_TYPES_H 1
| #define HAVE_SYS_STAT_H 1
| #define HAVE_STDLIB_H 1
| #define HAVE_STRING_H 1
| #define HAVE_MEMORY_H 1
| #define HAVE_STRINGS_H 1
| #define HAVE_INTTYPES_H 1
| #define HAVE_STDINT_H 1
| #define HAVE_UNISTD_H 1
| /* end confdefs.h.  */
| #include <sys/types.h>
| 		#include <sys/param.h>
| 
| int
| main ()
| {
| #if BYTE_ORDER != BIG_ENDIAN
| 		 not big endian
| 		#endif
| 
|   ;
|   return 0;
| }
configure:4116: result: no
configure:4138: checking sys/epoll.h usability
configure:4138: g++ -c -g -W -Wall -O3  conftest.cpp >&5
configure:4138: $? = 0
configure:4138: result: yes
configure:4138: checking sys/epoll.h presence
configure:4138: g++ -E  conftest.cpp
configure:4138: $? = 0
configure:4138: result: yes
configure:4138: checking for sys/epoll.h
configure:4138: result: yes
configure:4138: checking numa.h usability
configure:4138: g++ -c -g -W -Wall -O3  conftest.cpp >&5
configure:4138: $? = 0
configure:4138: result: yes
configure:4138: checking numa.h presence
configure:4138: g++ -E  conftest.cpp
configure:4138: $? = 0
configure:4138: result: yes
configure:4138: checking for numa.h
configure:4138: result: yes
configure:4149: checking for library containing numa_available
configure:4180: g++ -o conftest -g -W -Wall -O3   conftest.cpp  >&5
/usr/bin/ld: /tmp/ccJAkNT4.o: in function `main':
/home/weihai/srolis/masstree/conftest.cpp:33: undefined reference to `numa_available'
collect2: error: ld returned 1 exit status
configure:4180: $? = 1
configure: failed program was:
| /* confdefs.h */
| #define PACKAGE_NAME "masstree-beta"
| #define PACKAGE_TARNAME "masstree-beta"
| #define PACKAGE_VERSION "0.1"
| #define PACKAGE_STRING "masstree-beta 0.1"
| #define PACKAGE_BUGREPORT ""
| #define PACKAGE_URL ""
| #define WORDS_BIGENDIAN_SET 1
| #define STDC_HEADERS 1
| #define HAVE_SYS_TYPES_H 1
| #define HAVE_SYS_STAT_H 1
| #define HAVE_STDLIB_H 1
| #define HAVE_STRING_H 1
| #define HAVE_MEMORY_H 1
| #define HAVE_STRINGS_H 1
| #define HAVE_INTTYPES_H 1
| #define HAVE_STDINT_H 1
| #define HAVE_UNISTD_H 1
| #define HAVE_SYS_EPOLL_H 1
| #define HAVE_NUMA_H 1
| /* end confdefs.h.  */
| 
| /* Override any GCC internal prototype to avoid an error.
|    Use char because int might match the return type of a GCC
|    builtin and then its argument prototype would still apply.  */
| #ifdef __cplusplus
| extern "C"
| #endif
| char numa_available ();
| int
| main ()
| {
| return numa_available ();
|   ;
|   return 0;
| }
configure:4180: g++ -o conftest -g -W -Wall -O3   conftest.cpp -lnuma   >&5
configure:4180: $? = 0
configure:4197: result: -lnuma
configure:4213: checking for __builtin_clz builtin
configure:4229: g++ -o conftest -g -W -Wall -O3   conftest.cpp -lnuma  >&5
configure:4229: $? = 0
configure:4237: result: yes
configure:4247: checking for __builtin_clzl builtin
configure:4263: g++ -o conftest -g -W -Wall -O3   conftest.cpp -lnuma  >&5
configure:4263: $? = 0
configure:4271: result: yes
configure:4281: checking for __builtin_clzll builtin
configure:4297: g++ -o conftest -g -W -Wall -O3   conftest.cpp -lnuma  >&5
configure:4297: $? = 0
configure:4305: result: yes
configure:4315: checking for __builtin_ctz builtin
configure:4331: g++ -o conftest -g -W -Wall -O3   conftest.cpp -lnuma  >&5
configure:4331: $? = 0
configure:4339: result: yes
configure:4349: checking for __builtin_ctzl builtin
configure:4365: g++ -o conftest -g -W -Wall -O3   conftest.cpp -lnuma  >&5
configure:4365: $? = 0
configure:4373: result: yes
configure:4383: checking for __builtin_ctzll builtin
configure:4399: g++ -o conftest -g -W -Wall -O3   conftest.cpp -lnuma  >&5
configure:4399: $? = 0
configure:4407: result: yes
configure:4417: checking for __sync_synchronize builtin
configure:4434: g++ -o conftest -g -W -Wall -O3   conftest.cpp -lnuma  >&5
configure:4434: $? = 0
configure:4442: result: yes
configure:4452: checking for __sync_fetch_and_add builtin
configure:4468: g++ -o conftest -g -W -Wall -O3   conftest.cpp -lnuma  >&5
configure:4468: $? = 0
configure:4476: result: yes
configure:4486: checking for __sync_add_and_fetch builtin
configure:4502: g++ -o conftest -g -W -Wall -O3   conftest.cpp -lnuma  >&5
configure:4502: $? = 0
configure:4510: result: yes
configure:4520: checking for __sync_fetch_and_add_8 builtin
configure:4537: g++ -o conftest -g -W -Wall -O3   conftest.cpp -lnuma  >&5
configure:4537: $? = 0
configure:4545: result: yes
configure:4555: checking for __sync_add_and_fetch_8 builtin
configure:4572: g++ -o conftest -g -W -Wall -O3   conftest.cpp -lnuma  >&5
configure:4572: $? = 0
configure:4580: result: yes
configure:4590: checking for __sync_fetch_and_or builtin
configure:4606: g++ -o conftest -g -W -Wall -O3   conftest.cpp -lnuma  >&5
configure:4606: $? = 0
configure:4614: result: yes
configure:4624: checking for __sync_or_and_fetch builtin
configure:4640: g++ -o conftest -g -W -Wall -O3   conftest.cpp -lnuma  >&5
configure:4640: $? = 0
configure:4648: result: yes
configure:4658: checking for __sync_fetch_and_or_8 builtin
configure:4675: g++ -o conftest -g -W -Wall -O3   conftest.cpp -lnuma  >&5
configure:4675: $? = 0
configure:4683: result: yes
configure:4693: checking for __sync_or_and_fetch_8 builtin
configure:4710: g++ -o conftest -g -W -Wall -O3   conftest.cpp -lnuma  >&5
configure:4710: $? = 0
configure:4718: result: yes
configure:4728: checking for __sync_bool_compare_and_swap builtin
configure:4744: g++ -o conftest -g -W -Wall -O3   conftest.cpp -lnuma  >&5
configure:4744: $? = 0
configure:4752: result: yes
configure:4762: checking for __sync_bool_compare_and_swap_8 builtin
configure:4779: g++ -o conftest -g -W -Wall -O3   conftest.cpp -lnuma  >&5
configure:4779: $? = 0
configure:4787: result: yes
configure:4797: checking for __sync_val_compare_and_swap builtin
configure:4813: g++ -o conftest -g -W -Wall -O3   conftest.cpp -lnuma  >&5
configure:4813: $? = 0
configure:4821: result: yes
configure:4831: checking for __sync_val_compare_and_swap_8 builtin
configure:4848: g++ -o conftest -g -W -Wall -O3   conftest.cpp -lnuma  >&5
configure:4848: $? = 0
configure:4856: result: yes
configure:4866: checking for __sync_lock_test_and_set builtin
configure:4882: g++ -o conftest -g -W -Wall -O3   conftest.cpp -lnuma  >&5
configure:4882: $? = 0
configure:4890: result: yes
configure:4900: checking for __sync_lock_test_and_set_val builtin
configure:4916: g++ -o conftest -g -W -Wall -O3   conftest.cpp -lnuma  >&5
configure:4916: $? = 0
configure:4924: result: yes
configure:4934: checking for __sync_lock_release_set builtin
configure:4950: g++ -o conftest -g -W -Wall -O3   conftest.cpp -lnuma  >&5
configure:4950: $? = 0
configure:4958: result: yes
configure:4972: checking whether the C++ compiler understands 'auto'
configure:4989: g++ -c -g -W -Wall -O3  conftest.cpp >&5
configure:4989: $? = 0
configure:4996: result: yes
configure:5036: checking whether the C++ compiler understands constexpr
configure:5053: g++ -c -g -W -Wall -O3  conftest.cpp >&5
configure:5053: $? = 0
configure:5060: result: yes
configure:5096: checking whether the C++ compiler understands static_assert
configure:5113: g++ -c -g -W -Wall -O3  conftest.cpp >&5
configure:5113: $? = 0
configure:5120: result: yes
configure:5156: checking whether the C++ compiler understands rvalue references
configure:5173: g++ -c -g -W -Wall -O3  conftest.cpp >&5
configure:5173: $? = 0
configure:5180: result: yes
configure:5216: checking whether the C++ compiler understands template alias
configure:5233: g++ -c -g -W -Wall -O3  conftest.cpp >&5
configure:5233: $? = 0
configure:5240: result: yes
configure:5277: checking type_traits usability
configure:5277: g++ -c -g -W -Wall -O3  conftest.cpp >&5
configure:5277: $? = 0
configure:5277: result: yes
configure:5277: checking type_traits presence
configure:5277: g++ -E  conftest.cpp
configure:5277: $? = 0
configure:5277: result: yes
configure:5277: checking for type_traits
configure:5277: result: yes
configure:5289: checking for std::hash
configure:5307: g++ -c -g -W -Wall -O3  conftest.cpp >&5
configure:5307: $? = 0
configure:5314: result: yes
configure:5351: checking for __has_trivial_copy
configure:5368: g++ -c -g -W -Wall -O3  conftest.cpp >&5
conftest.cpp: In function 'int main()':
conftest.cpp:55:6: warning: variable 'x' set but not used [-Wunused-but-set-variable]
   55 | long x = 1; if (__has_trivial_copy(long)) x = 0;
      |      ^
configure:5368: $? = 0
configure:5375: result: yes
configure:5411: checking for __has_trivial_destructor
configure:5428: g++ -c -g -W -Wall -O3  conftest.cpp >&5
conftest.cpp: In function 'int main()':
conftest.cpp:56:6: warning: variable 'x' set but not used [-Wunused-but-set-variable]
   56 | long x = 1; if (__has_trivial_destructor(long)) x = 0;
      |      ^
configure:5428: $? = 0
configure:5435: result: yes
configure:5472: checking for std::move
configure:5489: g++ -c -g -W -Wall -O3  conftest.cpp >&5
conftest.cpp: In function 'int main()':
conftest.cpp:57:20: warning: unused variable 'y' [-Wunused-variable]
   57 | long x = 0; long &&y = std::move(x);
      |                    ^
configure:5489: $? = 0
configure:5496: result: yes
configure:5536: checking for std::is_trivially_copyable
configure:5553: g++ -c -g -W -Wall -O3  conftest.cpp >&5
configure:5553: $? = 0
configure:5560: result: yes
configure:5596: checking for std::is_trivially_destructible
configure:5613: g++ -c -g -W -Wall -O3  conftest.cpp >&5
configure:5613: $? = 0
configure:5620: result: yes
configure:5656: checking for std::is_rvalue_reference
configure:5673: g++ -c -g -W -Wall -O3  conftest.cpp >&5
configure:5673: $? = 0
configure:5680: result: yes
configure:5717: checking for malloc in -lflow
configure:5742: g++ -o conftest -g -W -Wall -O3   conftest.cpp -lflow  -lnuma  >&5
conftest.cpp:63:6: warning: declaration of 'char malloc()' conflicts with built-in declaration 'void* malloc(long unsigned int)' [-Wbuiltin-declaration-mismatch]
   63 | char malloc ();
      |      ^~~~~~
/usr/bin/ld: cannot find -lflow: No such file or directory
collect2: error: ld returned 1 exit status
configure:5742: $? = 1
configure: failed program was:
| /* confdefs.h */
| #define PACKAGE_NAME "masstree-beta"
| #define PACKAGE_TARNAME "masstree-beta"
| #define PACKAGE_VERSION "0.1"
| #define PACKAGE_STRING "masstree-beta 0.1"
| #define PACKAGE_BUGREPORT ""
| #define PACKAGE_URL ""
| #define WORDS_BIGENDIAN_SET 1
| #define STDC_HEADERS 1
| #define HAVE_SYS_TYPES_H 1
| #define HAVE_SYS_STAT_H 1
| #define HAVE_STDLIB_H 1
| #define HAVE_STRING_H 1
| #define HAVE_MEMORY_H 1
| #define HAVE_STRINGS_H 1
| #define HAVE_INTTYPES_H 1
| #define HAVE_STDINT_H 1
| #define HAVE_UNISTD_H 1
| #define HAVE_SYS_EPOLL_H 1
| #define HAVE_NUMA_H 1
| #define HAVE_LIBNUMA 1
| #define HAVE___BUILTIN_CLZ 1
| #define HAVE___BUILTIN_CLZL 1
| #define HAVE___BUILTIN_CLZLL 1
| #define HAVE___BUILTIN_CTZ 1
| #define HAVE___BUILTIN_CTZL 1
| #define HAVE___BUILTIN_CTZLL 1
| #define HAVE___SYNC_SYNCHRONIZE 1
| #define HAVE___SYNC_FETCH_AND_ADD 1
| #define HAVE___SYNC_ADD_AND_FETCH 1
| #define HAVE___SYNC_FETCH_AND_ADD_8 1
| #define HAVE___SYNC_ADD_AND_FETCH_8 1
| #define HAVE___SYNC_FETCH_AND_OR 1
| #define HAVE___SYNC_OR_AND_FETCH 1
| #define HAVE___SYNC_FETCH_AND_OR_8 1
| #define HAVE___SYNC_OR_AND_FETCH_8 1
| #define HAVE___SYNC_BOOL_COMPARE_AND_SWAP 1
| #define HAVE___SYNC_BOOL_COMPARE_AND_SWAP_8 1
| #define HAVE___SYNC_VAL_COMPARE_AND_SWAP 1
| #define HAVE___SYNC_VAL_COMPARE_AND_SWAP_8 1
| #define HAVE___SYNC_LOCK_TEST_AND_SET 1
| #define HAVE___SYNC_LOCK_TEST_AND_SET_VAL 1
| #define HAVE___SYNC_LOCK_RELEASE_SET 1
| #define HAVE_CXX_CONSTEXPR 1
| #define HAVE_CXX_STATIC_ASSERT 1
| #define HAVE_CXX_RVALUE_REFERENCES 1
| #define HAVE_CXX_TEMPLATE_ALIAS 1
| #define HAVE_TYPE_TRAITS 1
| #define HAVE_STD_HASH 1
| #define HAVE___HAS_TRIVIAL_COPY 1
| #define HAVE___HAS_TRIVIAL_DESTRUCTOR 1
| #define HAVE_STD_IS_TRIVIALLY_COPYABLE 1
| #define HAVE_STD_IS_TRIVIALLY_DESTRUCTIBLE 1
| #define HAVE_STD_IS_RVALUE_REFERENCE 1
| /* end confdefs.h.  */
| 
| /* Override any GCC internal prototype to avoid an error.
|    Use char because int might match the return type of a GCC
|    builtin and then its argument prototype would still apply.  */
| #ifdef __cplusplus
| extern "C"
| #endif
| char malloc ();
| int
| main ()
| {
| return malloc ();
|   ;
|   return 0;
| }
configure:5751: result: no
configure:5759: checking for mallctl in -ljemalloc
configure:5784: g++ -o conftest -g -W -Wall -O3   conftest.cpp -ljemalloc  -lnuma  >&5
configure:5784: $? = 0
configure:5793: result: yes
configure:5801: checking for tc_malloc in -ltcmalloc_minimal
configure:5826: g++ -o conftest -g -W -Wall -O3   conftest.cpp -ltcmalloc_minimal  -lnuma  >&5
configure:5826: $? = 0
configure:5835: result: yes
configure:5843: checking for _Z16getMainHoardHeapv in -lhoard
configure:5868: g++ -o conftest -g -W -Wall -O3   conftest.cpp -lhoard  -lnuma  >&5
/usr/bin/ld: cannot find -lhoard: No such file or directory
collect2: error: ld returned 1 exit status
configure:5868: $? = 1
configure: failed program was:
| /* confdefs.h */
| #define PACKAGE_NAME "masstree-beta"
| #define PACKAGE_TARNAME "masstree-beta"
| #define PACKAGE_VERSION "0.1"
| #define PACKAGE_STRING "masstree-beta 0.1"
| #define PACKAGE_BUGREPORT ""
| #define PACKAGE_URL ""
| #define WORDS_BIGENDIAN_SET 1
| #define STDC_HEADERS 1
| #define HAVE_SYS_TYPES_H 1
| #define HAVE_SYS_STAT_H 1
| #define HAVE_STDLIB_H 1
| #define HAVE_STRING_H 1
| #define HAVE_MEMORY_H 1
| #define HAVE_STRINGS_H 1
| #define HAVE_INTTYPES_H 1
| #define HAVE_STDINT_H 1
| #define HAVE_UNISTD_H 1
| #define HAVE_SYS_EPOLL_H 1
| #define HAVE_NUMA_H 1
| #define HAVE_LIBNUMA 1
| #define HAVE___BUILTIN_CLZ 1
| #define HAVE___BUILTIN_CLZL 1
| #define HAVE___BUILTIN_CLZLL 1
| #define HAVE___BUILTIN_CTZ 1
| #define HAVE___BUILTIN_CTZL 1
| #define HAVE___BUILTIN_CTZLL 1
| #define HAVE___SYNC_SYNCHRONIZE 1
| #define HAVE___SYNC_FETCH_AND_ADD 1
| #define HAVE___SYNC_ADD_AND_FETCH 1
| #define HAVE___SYNC_FETCH_AND_ADD_8 1
| #define HAVE___SYNC_ADD_AND_FETCH_8 1
| #define HAVE___SYNC_FETCH_AND_OR 1
| #define HAVE___SYNC_OR_AND_FETCH 1
| #define HAVE___SYNC_FETCH_AND_OR_8 1
| #define HAVE___SYNC_OR_AND_FETCH_8 1
| #define HAVE___SYNC_BOOL_COMPARE_AND_SWAP 1
| #define HAVE___SYNC_BOOL_COMPARE_AND_SWAP_8 1
| #define HAVE___SYNC_VAL_COMPARE_AND_SWAP 1
| #define HAVE___SYNC_VAL_COMPARE_AND_SWAP_8 1
| #define HAVE___SYNC_LOCK_TEST_AND_SET 1
| #define HAVE___SYNC_LOCK_TEST_AND_SET_VAL 1
| #define HAVE___SYNC_LOCK_RELEASE_SET 1
| #define HAVE_CXX_CONSTEXPR 1
| #define HAVE_CXX_STATIC_ASSERT 1
| #define HAVE_CXX_RVALUE_REFERENCES 1
| #define HAVE_CXX_TEMPLATE_ALIAS 1
| #define HAVE_TYPE_TRAITS 1
| #define HAVE_STD_HASH 1
| #define HAVE___HAS_TRIVIAL_COPY 1
| #define HAVE___HAS_TRIVIAL_DESTRUCTOR 1
| #define HAVE_STD_IS_TRIVIALLY_COPYABLE 1
| #define HAVE_STD_IS_TRIVIALLY_DESTRUCTIBLE 1
| #define HAVE_STD_IS_RVALUE_REFERENCE 1
| /* end confdefs.h.  */
| 
| /* Override any GCC internal prototype to avoid an error.
|    Use char because int might match the return type of a GCC
|    builtin and then its argument prototype would still apply.  */
| #ifdef __cplusplus
| extern "C"
| #endif
| char _Z16getMainHoardHeapv ();
| int
| main ()
| {
| return _Z16getMainHoardHeapv ();
|   ;
|   return 0;
| }
configure:5877: result: no
configure:5917: checking for malloc library
configure:5931: result: -ljemalloc
configure:5960: checking whether off_t and long are the same type
configure:5977: g++ -c -g -W -Wall -O3  conftest.cpp >&5
conftest.cpp:58:30: error: redefinition of 'int f(long int)'
   58 | int f(off_t) {return 0;} int f(long) {return 0;}
      |                              ^
conftest.cpp:58:5: note: 'int f(off_t)' previously defined here
   58 | int f(off_t) {return 0;} int f(long) {return 0;}
      |     ^
configure:5977: $? = 1
configure: failed program was:
| /* confdefs.h */
| #define PACKAGE_NAME "masstree-beta"
| #define PACKAGE_TARNAME "masstree-beta"
| #define PACKAGE_VERSION "0.1"
| #define PACKAGE_STRING "masstree-beta 0.1"
| #define PACKAGE_BUGREPORT ""
| #define PACKAGE_URL ""
| #define WORDS_BIGENDIAN_SET 1
| #define STDC_HEADERS 1
| #define HAVE_SYS_TYPES_H 1
| #define HAVE_SYS_STAT_H 1
| #define HAVE_STDLIB_H 1
| #define HAVE_STRING_H 1
| #define HAVE_MEMORY_H 1
| #define HAVE_STRINGS_H 1
| #define HAVE_INTTYPES_H 1
| #define HAVE_STDINT_H 1
| #define HAVE_UNISTD_H 1
| #define HAVE_SYS_EPOLL_H 1
| #define HAVE_NUMA_H 1
| #define HAVE_LIBNUMA 1
| #define HAVE___BUILTIN_CLZ 1
| #define HAVE___BUILTIN_CLZL 1
| #define HAVE___BUILTIN_CLZLL 1
| #define HAVE___BUILTIN_CTZ 1
| #define HAVE___BUILTIN_CTZL 1
| #define HAVE___BUILTIN_CTZLL 1
| #define HAVE___SYNC_SYNCHRONIZE 1
| #define HAVE___SYNC_FETCH_AND_ADD 1
| #define HAVE___SYNC_ADD_AND_FETCH 1
| #define HAVE___SYNC_FETCH_AND_ADD_8 1
| #define HAVE___SYNC_ADD_AND_FETCH_8 1
| #define HAVE___SYNC_FETCH_AND_OR 1
| #define HAVE___SYNC_OR_AND_FETCH 1
| #define HAVE___SYNC_FETCH_AND_OR_8 1
| #define HAVE___SYNC_OR_AND_FETCH_8 1
| #define HAVE___SYNC_BOOL_COMPARE_AND_SWAP 1
| #define HAVE___SYNC_BOOL_COMPARE_AND_SWAP_8 1
| #define HAVE___SYNC_VAL_COMPARE_AND_SWAP 1
| #define HAVE___SYNC_VAL_COMPARE_AND_SWAP_8 1
| #define HAVE___SYNC_LOCK_TEST_AND_SET 1
| #define HAVE___SYNC_LOCK_TEST_AND_SET_VAL 1
| #define HAVE___SYNC_LOCK_RELEASE_SET 1
| #define HAVE_CXX_CONSTEXPR 1
| #define HAVE_CXX_STATIC_ASSERT 1
| #define HAVE_CXX_RVALUE_REFERENCES 1
| #define HAVE_CXX_TEMPLATE_ALIAS 1
| #define HAVE_TYPE_TRAITS 1
| #define HAVE_STD_HASH 1
| #define HAVE___HAS_TRIVIAL_COPY 1
| #define HAVE___HAS_TRIVIAL_DESTRUCTOR 1
| #define HAVE_STD_IS_TRIVIALLY_COPYABLE 1
| #define HAVE_STD_IS_TRIVIALLY_DESTRUCTIBLE 1
| #define HAVE_STD_IS_RVALUE_REFERENCE 1
| #define HAVE_JEMALLOC 1
| /* end confdefs.h.  */
| #include <stdio.h>
| int f(off_t) {return 0;} int f(long) {return 0;}
| int
| main ()
| {
| 
|   ;
|   return 0;
| }
configure:5984: result: yes
configure:5995: checking whether off_t and long long are the same type
configure:6012: g++ -c -g -W -Wall -O3  conftest.cpp >&5
configure:6012: $? = 0
configure:6019: result: no
configure:6030: checking whether int64_t and long are the same type
configure:6047: g++ -c -g -W -Wall -O3  conftest.cpp >&5
conftest.cpp:59:32: error: redefinition of 'int f(long int)'
   59 | int f(int64_t) {return 0;} int f(long) {return 0;}
      |                                ^
conftest.cpp:59:5: note: 'int f(int64_t)' previously defined here
   59 | int f(int64_t) {return 0;} int f(long) {return 0;}
      |     ^
configure:6047: $? = 1
configure: failed program was:
| /* confdefs.h */
| #define PACKAGE_NAME "masstree-beta"
| #define PACKAGE_TARNAME "masstree-beta"
| #define PACKAGE_VERSION "0.1"
| #define PACKAGE_STRING "masstree-beta 0.1"
| #define PACKAGE_BUGREPORT ""
| #define PACKAGE_URL ""
| #define WORDS_BIGENDIAN_SET 1
| #define STDC_HEADERS 1
| #define HAVE_SYS_TYPES_H 1
| #define HAVE_SYS_STAT_H 1
| #define HAVE_STDLIB_H 1
| #define HAVE_STRING_H 1
| #define HAVE_MEMORY_H 1
| #define HAVE_STRINGS_H 1
| #define HAVE_INTTYPES_H 1
| #define HAVE_STDINT_H 1
| #define HAVE_UNISTD_H 1
| #define HAVE_SYS_EPOLL_H 1
| #define HAVE_NUMA_H 1
| #define HAVE_LIBNUMA 1
| #define HAVE___BUILTIN_CLZ 1
| #define HAVE___BUILTIN_CLZL 1
| #define HAVE___BUILTIN_CLZLL 1
| #define HAVE___BUILTIN_CTZ 1
| #define HAVE___BUILTIN_CTZL 1
| #define HAVE___BUILTIN_CTZLL 1
| #define HAVE___SYNC_SYNCHRONIZE 1
| #define HAVE___SYNC_FETCH_AND_ADD 1
| #define HAVE___SYNC_ADD_AND_FETCH 1
| #define HAVE___SYNC_FETCH_AND_ADD_8 1
| #define HAVE___SYNC_ADD_AND_FETCH_8 1
| #define HAVE___SYNC_FETCH_AND_OR 1
| #define HAVE___SYNC_OR_AND_FETCH 1
| #define HAVE___SYNC_FETCH_AND_OR_8 1
| #define HAVE___SYNC_OR_AND_FETCH_8 1
| #define HAVE___SYNC_BOOL_COMPARE_AND_SWAP 1
| #define HAVE___SYNC_BOOL_COMPARE_AND_SWAP_8 1
| #define HAVE___SYNC_VAL_COMPARE_AND_SWAP 1
| #define HAVE___SYNC_VAL_COMPARE_AND_SWAP_8 1
| #define HAVE___SYNC_LOCK_TEST_AND_SET 1
| #define HAVE___SYNC_LOCK_TEST_AND_SET_VAL 1
| #define HAVE___SYNC_LOCK_RELEASE_SET 1
| #define HAVE_CXX_CONSTEXPR 1
| #define HAVE_CXX_STATIC_ASSERT 1
| #define HAVE_CXX_RVALUE_REFERENCES 1
| #define HAVE_CXX_TEMPLATE_ALIAS 1
| #define HAVE_TYPE_TRAITS 1
| #define HAVE_STD_HASH 1
| #define HAVE___HAS_TRIVIAL_COPY 1
| #define HAVE___HAS_TRIVIAL_DESTRUCTOR 1
| #define HAVE_STD_IS_TRIVIALLY_COPYABLE 1
| #define HAVE_STD_IS_TRIVIALLY_DESTRUCTIBLE 1
| #define HAVE_STD_IS_RVALUE_REFERENCE 1
| #define HAVE_JEMALLOC 1
| #define HAVE_OFF_T_IS_LONG 1
| /* end confdefs.h.  */
| #include <stdint.h>
| int f(int64_t) {return 0;} int f(long) {return 0;}
| int
| main ()
| {
| 
|   ;
|   return 0;
| }
configure:6054: result: yes
configure:6065: checking whether int64_t and long long are the same type
configure:6082: g++ -c -g -W -Wall -O3  conftest.cpp >&5
configure:6082: $? = 0
configure:6089: result: no
configure:6100: checking whether size_t and unsigned are the same type
configure:6117: g++ -c -g -W -Wall -O3  conftest.cpp >&5
configure:6117: $? = 0
configure:6124: result: no
configure:6135: checking whether size_t and unsigned long are the same type
configure:6152: g++ -c -g -W -Wall -O3  conftest.cpp >&5
conftest.cpp:60:31: error: redefinition of 'int f(long unsigned int)'
   60 | int f(size_t) {return 0;} int f(unsigned long) {return 0;}
      |                               ^
conftest.cpp:60:5: note: 'int f(size_t)' previously defined here
   60 | int f(size_t) {return 0;} int f(unsigned long) {return 0;}
      |     ^
configure:6152: $? = 1
configure: failed program was:
| /* confdefs.h */
| #define PACKAGE_NAME "masstree-beta"
| #define PACKAGE_TARNAME "masstree-beta"
| #define PACKAGE_VERSION "0.1"
| #define PACKAGE_STRING "masstree-beta 0.1"
| #define PACKAGE_BUGREPORT ""
| #define PACKAGE_URL ""
| #define WORDS_BIGENDIAN_SET 1
| #define STDC_HEADERS 1
| #define HAVE_SYS_TYPES_H 1
| #define HAVE_SYS_STAT_H 1
| #define HAVE_STDLIB_H 1
| #define HAVE_STRING_H 1
| #define HAVE_MEMORY_H 1
| #define HAVE_STRINGS_H 1
| #define HAVE_INTTYPES_H 1
| #define HAVE_STDINT_H 1
| #define HAVE_UNISTD_H 1
| #define HAVE_SYS_EPOLL_H 1
| #define HAVE_NUMA_H 1
| #define HAVE_LIBNUMA 1
| #define HAVE___BUILTIN_CLZ 1
| #define HAVE___BUILTIN_CLZL 1
| #define HAVE___BUILTIN_CLZLL 1
| #define HAVE___BUILTIN_CTZ 1
| #define HAVE___BUILTIN_CTZL 1
| #define HAVE___BUILTIN_CTZLL 1
| #define HAVE___SYNC_SYNCHRONIZE 1
| #define HAVE___SYNC_FETCH_AND_ADD 1
| #define HAVE___SYNC_ADD_AND_FETCH 1
| #define HAVE___SYNC_FETCH_AND_ADD_8 1
| #define HAVE___SYNC_ADD_AND_FETCH_8 1
| #define HAVE___SYNC_FETCH_AND_OR 1
| #define HAVE___SYNC_OR_AND_FETCH 1
| #define HAVE___SYNC_FETCH_AND_OR_8 1
| #define HAVE___SYNC_OR_AND_FETCH_8 1
| #define HAVE___SYNC_BOOL_COMPARE_AND_SWAP 1
| #define HAVE___SYNC_BOOL_COMPARE_AND_SWAP_8 1
| #define HAVE___SYNC_VAL_COMPARE_AND_SWAP 1
| #define HAVE___SYNC_VAL_COMPARE_AND_SWAP_8 1
| #define HAVE___SYNC_LOCK_TEST_AND_SET 1
| #define HAVE___SYNC_LOCK_TEST_AND_SET_VAL 1
| #define HAVE___SYNC_LOCK_RELEASE_SET 1
| #define HAVE_CXX_CONSTEXPR 1
| #define HAVE_CXX_STATIC_ASSERT 1
| #define HAVE_CXX_RVALUE_REFERENCES 1
| #define HAVE_CXX_TEMPLATE_ALIAS 1
| #define HAVE_TYPE_TRAITS 1
| #define HAVE_STD_HASH 1
| #define HAVE___HAS_TRIVIAL_COPY 1
| #define HAVE___HAS_TRIVIAL_DESTRUCTOR 1
| #define HAVE_STD_IS_TRIVIALLY_COPYABLE 1
| #define HAVE_STD_IS_TRIVIALLY_DESTRUCTIBLE 1
| #define HAVE_STD_IS_RVALUE_REFERENCE 1
| #define HAVE_JEMALLOC 1
| #define HAVE_OFF_T_IS_LONG 1
| #define HAVE_INT64_T_IS_LONG 1
| /* end confdefs.h.  */
| #include <stdio.h>
| int f(size_t) {return 0;} int f(unsigned long) {return 0;}
| int
| main ()
| {
| 
|   ;
|   return 0;
| }
configure:6159: result: yes
configure:6170: checking whether size_t and unsigned long long are the same type
configure:6187: g++ -c -g -W -Wall -O3  conftest.cpp >&5
configure:6187: $? = 0
configure:6194: result: no
configure:6204: checking for long long
configure:6204: g++ -c -g -W -Wall -O3  conftest.cpp >&5
configure:6204: $? = 0
configure:6204: g++ -c -g -W -Wall -O3  conftest.cpp >&5
conftest.cpp: In function 'int main()':
conftest.cpp:96:14: error: expected primary-expression before 'long'
   96 | if (sizeof ((long long)))
      |              ^~~~
conftest.cpp:96:14: error: expected ')' before 'long'
   96 | if (sizeof ((long long)))
      |             ~^~~~
      |              )
conftest.cpp:97:21: error: expected ')' before ';' token
   97 |             return 0;
      |                     ^
      |                     )
conftest.cpp:96:12: note: to match this '('
   96 | if (sizeof ((long long)))
      |            ^
conftest.cpp:97:21: error: expected ')' before ';' token
   97 |             return 0;
      |                     ^
      |                     )
conftest.cpp:96:4: note: to match this '('
   96 | if (sizeof ((long long)))
      |    ^
conftest.cpp:97:21: warning: suggest braces around empty body in an 'if' statement [-Wempty-body]
   97 |             return 0;
      |                     ^
configure:6204: $? = 1
configure: failed program was:
| /* confdefs.h */
| #define PACKAGE_NAME "masstree-beta"
| #define PACKAGE_TARNAME "masstree-beta"
| #define PACKAGE_VERSION "0.1"
| #define PACKAGE_STRING "masstree-beta 0.1"
| #define PACKAGE_BUGREPORT ""
| #define PACKAGE_URL ""
| #define WORDS_BIGENDIAN_SET 1
| #define STDC_HEADERS 1
| #define HAVE_SYS_TYPES_H 1
| #define HAVE_SYS_STAT_H 1
| #define HAVE_STDLIB_H 1
| #define HAVE_STRING_H 1
| #define HAVE_MEMORY_H 1
| #define HAVE_STRINGS_H 1
| #define HAVE_INTTYPES_H 1
| #define HAVE_STDINT_H 1
| #define HAVE_UNISTD_H 1
| #define HAVE_SYS_EPOLL_H 1
| #define HAVE_NUMA_H 1
| #define HAVE_LIBNUMA 1
| #define HAVE___BUILTIN_CLZ 1
| #define HAVE___BUILTIN_CLZL 1
| #define HAVE___BUILTIN_CLZLL 1
| #define HAVE___BUILTIN_CTZ 1
| #define HAVE___BUILTIN_CTZL 1
| #define HAVE___BUILTIN_CTZLL 1
| #define HAVE___SYNC_SYNCHRONIZE 1
| #define HAVE___SYNC_FETCH_AND_ADD 1
| #define HAVE___SYNC_ADD_AND_FETCH 1
| #define HAVE___SYNC_FETCH_AND_ADD_8 1
| #define HAVE___SYNC_ADD_AND_FETCH_8 1
| #define HAVE___SYNC_FETCH_AND_OR 1
| #define HAVE___SYNC_OR_AND_FETCH 1
| #define HAVE___SYNC_FETCH_AND_OR_8 1
| #define HAVE___SYNC_OR_AND_FETCH_8 1
| #define HAVE___SYNC_BOOL_COMPARE_AND_SWAP 1
| #define HAVE___SYNC_BOOL_COMPARE_AND_SWAP_8 1
| #define HAVE___SYNC_VAL_COMPARE_AND_SWAP 1
| #define HAVE___SYNC_VAL_COMPARE_AND_SWAP_8 1
| #define HAVE___SYNC_LOCK_TEST_AND_SET 1
| #define HAVE___SYNC_LOCK_TEST_AND_SET_VAL 1
| #define HAVE___SYNC_LOCK_RELEASE_SET 1
| #define HAVE_CXX_CONSTEXPR 1
| #define HAVE_CXX_STATIC_ASSERT 1
| #define HAVE_CXX_RVALUE_REFERENCES 1
| #define HAVE_CXX_TEMPLATE_ALIAS 1
| #define HAVE_TYPE_TRAITS 1
| #define HAVE_STD_HASH 1
| #define HAVE___HAS_TRIVIAL_COPY 1
| #define HAVE___HAS_TRIVIAL_DESTRUCTOR 1
| #define HAVE_STD_IS_TRIVIALLY_COPYABLE 1
| #define HAVE_STD_IS_TRIVIALLY_DESTRUCTIBLE 1
| #define HAVE_STD_IS_RVALUE_REFERENCE 1
| #define HAVE_JEMALLOC 1
| #define HAVE_OFF_T_IS_LONG 1
| #define HAVE_INT64_T_IS_LONG 1
| #define HAVE_SIZE_T_IS_UNSIGNED_LONG 1
| /* end confdefs.h.  */
| #include <stdio.h>
| #ifdef HAVE_SYS_TYPES_H
| # include <sys/types.h>
| #endif
| #ifdef HAVE_SYS_STAT_H
| # include <sys/stat.h>
| #endif
| #ifdef STDC_HEADERS
| # include <stdlib.h>
| # include <stddef.h>
| #else
| # ifdef HAVE_STDLIB_H
| #  include <stdlib.h>
| # endif
| #endif
| #ifdef HAVE_STRING_H
| # if !defined STDC_HEADERS && defined HAVE_MEMORY_H
| #  include <memory.h>
| # endif
| # include <string.h>
| #endif
| #ifdef HAVE_STRINGS_H
| # include <strings.h>
| #endif
| #ifdef HAVE_INTTYPES_H
| # include <inttypes.h>
| #endif
| #ifdef HAVE_STDINT_H
| # include <stdint.h>
| #endif
| #ifdef HAVE_UNISTD_H
| # include <unistd.h>
| #endif
| int
| main ()
| {
| if (sizeof ((long long)))
| 	    return 0;
|   ;
|   return 0;
| }
configure:6204: result: yes
configure:6218: checking size of short
configure:6223: g++ -o conftest -g -W -Wall -O3   conftest.cpp -lnuma  >&5
configure:6223: $? = 0
configure:6223: ./conftest
configure:6223: $? = 0
configure:6237: result: 2
configure:6251: checking size of int
configure:6256: g++ -o conftest -g -W -Wall -O3   conftest.cpp -lnuma  >&5
configure:6256: $? = 0
configure:6256: ./conftest
configure:6256: $? = 0
configure:6270: result: 4
configure:6284: checking size of long
configure:6289: g++ -o conftest -g -W -Wall -O3   conftest.cpp -lnuma  >&5
configure:6289: $? = 0
configure:6289: ./conftest
configure:6289: $? = 0
configure:6303: result: 8
configure:6317: checking size of long long
configure:6322: g++ -o conftest -g -W -Wall -O3   conftest.cpp -lnuma  >&5
configure:6322: $? = 0
configure:6322: ./conftest
configure:6322: $? = 0
configure:6336: result: 8
configure:6350: checking size of void *
configure:6355: g++ -o conftest -g -W -Wall -O3   conftest.cpp -lnuma  >&5
configure:6355: $? = 0
configure:6355: ./conftest
configure:6355: $? = 0
configure:6369: result: 8
configure:6380: checking whether getline is declared
configure:6380: g++ -c -g -W -Wall -O3  conftest.cpp >&5
configure:6380: $? = 0
configure:6380: result: yes
configure:6395: checking time.h usability
configure:6395: g++ -c -g -W -Wall -O3  conftest.cpp >&5
configure:6395: $? = 0
configure:6395: result: yes
configure:6395: checking time.h presence
configure:6395: g++ -E  conftest.cpp
configure:6395: $? = 0
configure:6395: result: yes
configure:6395: checking for time.h
configure:6395: result: yes
configure:6395: checking execinfo.h usability
configure:6395: g++ -c -g -W -Wall -O3  conftest.cpp >&5
configure:6395: $? = 0
configure:6395: result: yes
configure:6395: checking execinfo.h presence
configure:6395: g++ -E  conftest.cpp
configure:6395: $? = 0
configure:6395: result: yes
configure:6395: checking for execinfo.h
configure:6395: result: yes
configure:6405: checking whether clock_gettime is declared
configure:6405: g++ -c -g -W -Wall -O3  conftest.cpp >&5
configure:6405: $? = 0
configure:6405: result: yes
configure:6419: checking for library containing clock_gettime
configure:6450: g++ -o conftest -g -W -Wall -O3   conftest.cpp -lnuma  >&5
configure:6450: $? = 0
configure:6467: result: none required
configure:6477: checking for clock_gettime
configure:6477: g++ -o conftest -g -W -Wall -O3   conftest.cpp -lnuma  >&5
configure:6477: $? = 0
configure:6477: result: yes
configure:6486: checking for library containing backtrace
configure:6517: g++ -o conftest -g -W -Wall -O3   conftest.cpp -lnuma  >&5
configure:6517: $? = 0
configure:6534: result: none required
configure:6592: checking whether MADV_HUGEPAGE is supported
configure:6608: g++ -E  conftest.cpp
configure:6608: $? = 0
configure:6614: result: yes
configure:6622: checking whether MAP_HUGETLB is supported
configure:6638: g++ -E  conftest.cpp
configure:6638: $? = 0
configure:6644: result: yes
configure:6865: creating ./config.status

## ---------------------- ##
## Running config.status. ##
## ---------------------- ##

This file was extended by masstree-beta config.status 0.1, which was
generated by GNU Autoconf 2.69.  Invocation command line was

  CONFIG_FILES    = 
  CONFIG_HEADERS  = 
  CONFIG_LINKS    = 
  CONFIG_COMMANDS = 
  $ ./config.status 

on zoo-002

config.status:864: creating GNUmakefile
config.status:864: creating config.h

## ---------------- ##
## Cache variables. ##
## ---------------- ##

ac_cv_c_bigendian=no
ac_cv_c_compiler_gnu=yes
ac_cv_cxx_auto=yes
ac_cv_cxx_compiler_gnu=yes
ac_cv_cxx_constexpr=yes
ac_cv_cxx_rvalue_references=yes
ac_cv_cxx_static_assert=yes
ac_cv_cxx_template_alias=yes
ac_cv_env_CCC_set=
ac_cv_env_CCC_value=
ac_cv_env_CC_set=set
ac_cv_env_CC_value=cc
ac_cv_env_CFLAGS_set=
ac_cv_env_CFLAGS_value=
ac_cv_env_CPPFLAGS_set=
ac_cv_env_CPPFLAGS_value=
ac_cv_env_CXXCPP_set=
ac_cv_env_CXXCPP_value=
ac_cv_env_CXXFLAGS_set=
ac_cv_env_CXXFLAGS_value=
ac_cv_env_CXX_set=set
ac_cv_env_CXX_value=g++
ac_cv_env_LDFLAGS_set=
ac_cv_env_LDFLAGS_value=
ac_cv_env_LIBS_set=
ac_cv_env_LIBS_value=
ac_cv_env_build_alias_set=
ac_cv_env_build_alias_value=
ac_cv_env_host_alias_set=
ac_cv_env_host_alias_value=
ac_cv_env_target_alias_set=
ac_cv_env_target_alias_value=
ac_cv_func_clock_gettime=yes
ac_cv_have___builtin_clz=yes
ac_cv_have___builtin_clzl=yes
ac_cv_have___builtin_clzll=yes
ac_cv_have___builtin_ctz=yes
ac_cv_have___builtin_ctzl=yes
ac_cv_have___builtin_ctzll=yes
ac_cv_have___has_trivial_copy=yes
ac_cv_have___has_trivial_destructor=yes
ac_cv_have___sync_add_and_fetch=yes
ac_cv_have___sync_add_and_fetch_8=yes
ac_cv_have___sync_bool_compare_and_swap=yes
ac_cv_have___sync_bool_compare_and_swap_8=yes
ac_cv_have___sync_fetch_and_add=yes
ac_cv_have___sync_fetch_and_add_8=yes
ac_cv_have___sync_fetch_and_or=yes
ac_cv_have___sync_fetch_and_or_8=yes
ac_cv_have___sync_lock_release_set=yes
ac_cv_have___sync_lock_test_and_set=yes
ac_cv_have___sync_lock_test_and_set_val=yes
ac_cv_have___sync_or_and_fetch=yes
ac_cv_have___sync_or_and_fetch_8=yes
ac_cv_have___sync_synchronize=yes
ac_cv_have___sync_val_compare_and_swap=yes
ac_cv_have___sync_val_compare_and_swap_8=yes
ac_cv_have_decl_clock_gettime=yes
ac_cv_have_decl_getline=yes
ac_cv_have_same_type_int64_t_is_long=yes
ac_cv_have_same_type_int64_t_is_long_long=no
ac_cv_have_same_type_off_t_is_long=yes
ac_cv_have_same_type_off_t_is_long_long=no
ac_cv_have_same_type_size_t_is_unsigned=no
ac_cv_have_same_type_size_t_is_unsigned_long=yes
ac_cv_have_same_type_size_t_is_unsigned_long_long=no
ac_cv_have_std_hash=yes
ac_cv_have_std_is_rvalue_reference=yes
ac_cv_have_std_is_trivially_copyable=yes
ac_cv_have_std_is_trivially_destructible=yes
ac_cv_header_execinfo_h=yes
ac_cv_header_inttypes_h=yes
ac_cv_header_memory_h=yes
ac_cv_header_numa_h=yes
ac_cv_header_stdc=yes
ac_cv_header_stdint_h=yes
ac_cv_header_stdlib_h=yes
ac_cv_header_string_h=yes
ac_cv_header_strings_h=yes
ac_cv_header_sys_epoll_h=yes
ac_cv_header_sys_stat_h=yes
ac_cv_header_sys_types_h=yes
ac_cv_header_time_h=yes
ac_cv_header_type_traits=yes
ac_cv_header_unistd_h=yes
ac_cv_lib_flow_malloc=no
ac_cv_lib_hoard__Z16getMainHoardHeapv=no
ac_cv_lib_jemalloc_mallctl=yes
ac_cv_lib_tcmalloc_minimal_tc_malloc=yes
ac_cv_max_key_len=1024
ac_cv_objext=o
ac_cv_path_EGREP='/usr/bin/grep -E'
ac_cv_path_GREP=/usr/bin/grep
ac_cv_prog_CXXCPP='g++ -E'
ac_cv_prog_ac_ct_CC=cc
ac_cv_prog_cc_c89=
ac_cv_prog_cc_g=yes
ac_cv_prog_cxx_g=yes
ac_cv_row_type=bag
ac_cv_search_backtrace='none required'
ac_cv_search_clock_gettime='none required'
ac_cv_search_numa_available=-lnuma
ac_cv_sizeof_int=4
ac_cv_sizeof_long=8
ac_cv_sizeof_long_long=8
ac_cv_sizeof_short=2
ac_cv_sizeof_void_p=8
ac_cv_std_move=yes
ac_cv_type_long_long=yes

## ----------------- ##
## Output variables. ##
## ----------------- ##

CC='cc'
CFLAGS='-g -O2'
CPPFLAGS=''
CXX='g++'
CXXCPP='g++ -E'
CXXFLAGS='-g -W -Wall -O3'
DEFS='-DHAVE_CONFIG_H'
ECHO_C=''
ECHO_N='-n'
ECHO_T=''
EGREP='/usr/bin/grep -E'
EXEEXT=''
GREP='/usr/bin/grep'
LDFLAGS=''
LIBOBJS=''
LIBS='-lnuma '
LTLIBOBJS=''
MALLOC_LIBS='-ljemalloc'
OBJEXT='o'
PACKAGE_BUGREPORT=''
PACKAGE_NAME='masstree-beta'
PACKAGE_STRING='masstree-beta 0.1'
PACKAGE_TARNAME='masstree-beta'
PACKAGE_URL=''
PACKAGE_VERSION='0.1'
PATH_SEPARATOR=':'
SHELL='/bin/bash'
ac_configure_args=' '\''CC=cc'\'' '\''CXX=g++'\'' '\''--enable-max-key-len=1024'\'' '\''--disable-assertions'\'' '\''--disable-invariants'\'' '\''--disable-preconditions'\'' '\''--with-malloc=jemalloc'\'''
ac_ct_CC='cc'
ac_ct_CXX=''
bindir='${exec_prefix}/bin'
build_alias=''
datadir='${datarootdir}'
datarootdir='${prefix}/share'
docdir='${datarootdir}/doc/${PACKAGE_TARNAME}'
dvidir='${docdir}'
exec_prefix='${prefix}'
host_alias=''
htmldir='${docdir}'
includedir='${prefix}/include'
infodir='${datarootdir}/info'
libdir='${exec_prefix}/lib'
libexecdir='${exec_prefix}/libexec'
localedir='${datarootdir}/locale'
localstatedir='${prefix}/var'
mandir='${datarootdir}/man'
oldincludedir='/usr/include'
pdfdir='${docdir}'
prefix='/usr/local'
program_transform_name='s,x,x,'
psdir='${docdir}'
runstatedir='${localstatedir}/run'
sbindir='${exec_prefix}/sbin'
sharedstatedir='${prefix}/com'
sysconfdir='${prefix}/etc'
target_alias=''

## ----------- ##
## confdefs.h. ##
## ----------- ##

/* confdefs.h */
#define PACKAGE_NAME "masstree-beta"
#define PACKAGE_TARNAME "masstree-beta"
#define PACKAGE_VERSION "0.1"
#define PACKAGE_STRING "masstree-beta 0.1"
#define PACKAGE_BUGREPORT ""
#define PACKAGE_URL ""
#define WORDS_BIGENDIAN_SET 1
#define STDC_HEADERS 1
#define HAVE_SYS_TYPES_H 1
#define HAVE_SYS_STAT_H 1
#define HAVE_STDLIB_H 1
#define HAVE_STRING_H 1
#define HAVE_MEMORY_H 1
#define HAVE_STRINGS_H 1
#define HAVE_INTTYPES_H 1
#define HAVE_STDINT_H 1
#define HAVE_UNISTD_H 1
#define HAVE_SYS_EPOLL_H 1
#define HAVE_NUMA_H 1
#define HAVE_LIBNUMA 1
#define HAVE___BUILTIN_CLZ 1
#define HAVE___BUILTIN_CLZL 1
#define HAVE___BUILTIN_CLZLL 1
#define HAVE___BUILTIN_CTZ 1
#define HAVE___BUILTIN_CTZL 1
#define HAVE___BUILTIN_CTZLL 1
#define HAVE___SYNC_SYNCHRONIZE 1
#define HAVE___SYNC_FETCH_AND_ADD 1
#define HAVE___SYNC_ADD_AND_FETCH 1
#define HAVE___SYNC_FETCH_AND_ADD_8 1
#define HAVE___SYNC_ADD_AND_FETCH_8 1
#define HAVE___SYNC_FETCH_AND_OR 1
#define HAVE___SYNC_OR_AND_FETCH 1
#define HAVE___SYNC_FETCH_AND_OR_8 1
#define HAVE___SYNC_OR_AND_FETCH_8 1
#define HAVE___SYNC_BOOL_COMPARE_AND_SWAP 1
#define HAVE___SYNC_BOOL_COMPARE_AND_SWAP_8 1
#define HAVE___SYNC_VAL_COMPARE_AND_SWAP 1
#define HAVE___SYNC_VAL_COMPARE_AND_SWAP_8 1
#define HAVE___SYNC_LOCK_TEST_AND_SET 1
#define HAVE___SYNC_LOCK_TEST_AND_SET_VAL 1
#define HAVE___SYNC_LOCK_RELEASE_SET 1
#define HAVE_CXX_CONSTEXPR 1
#define HAVE_CXX_STATIC_ASSERT 1
#define HAVE_CXX_RVALUE_REFERENCES 1
#define HAVE_CXX_TEMPLATE_ALIAS 1
#define HAVE_TYPE_TRAITS 1
#define HAVE_STD_HASH 1
#define HAVE___HAS_TRIVIAL_COPY 1
#define HAVE___HAS_TRIVIAL_DESTRUCTOR 1
#define HAVE_STD_IS_TRIVIALLY_COPYABLE 1
#define HAVE_STD_IS_TRIVIALLY_DESTRUCTIBLE 1
#define HAVE_STD_IS_RVALUE_REFERENCE 1
#define HAVE_JEMALLOC 1
#define HAVE_OFF_T_IS_LONG 1
#define HAVE_INT64_T_IS_LONG 1
#define HAVE_SIZE_T_IS_UNSIGNED_LONG 1
#define HAVE_LONG_LONG 1
#define SIZEOF_SHORT 2
#define SIZEOF_INT 4
#define SIZEOF_LONG 8
#define SIZEOF_LONG_LONG 8
#define SIZEOF_VOID_P 8
#define HAVE_DECL_GETLINE 1
#define HAVE_TIME_H 1
#define HAVE_EXECINFO_H 1
#define HAVE_DECL_CLOCK_GETTIME 1
#define HAVE_CLOCK_GETTIME 1
#define MASSTREE_ROW_TYPE_BAG 1
#define MASSTREE_MAXKEYLEN 1024
#define HAVE_MADV_HUGEPAGE 1
#define HAVE_MAP_HUGETLB 1
#define HAVE_SUPERPAGE 1
#define ENABLE_PRECONDITIONS 0
#define ENABLE_INVARIANTS 0
#define CACHE_LINE_SIZE 64
#define HAVE_UNALIGNED_ACCESS 1

configure: exit 0
